<?xml version="1.0" encoding="UTF-8"?>
<testng-results skipped="0" failed="0" total="1" passed="1">
  <reporter-output>
  </reporter-output>
  <suite name="MySuite" duration-ms="9205" started-at="2017-12-30T12:59:27Z" finished-at="2017-12-30T12:59:37Z">
    <groups>
    </groups>
    <test name="MyTests" duration-ms="9205" started-at="2017-12-30T12:59:27Z" finished-at="2017-12-30T12:59:37Z">
      <class name="com.connecticus.netchain2.tests.demo.DemoTest">
        <test-method status="PASS" signature="setUp()[pri:0, instance:com.connecticus.netchain2.tests.demo.DemoTest@66480dd7]" name="setUp" is-config="true" duration-ms="35" started-at="2017-12-30T18:29:27Z" finished-at="2017-12-30T18:29:27Z">
          <reporter-output>
          </reporter-output>
        </test-method> <!-- setUp -->
        <test-method status="PASS" signature="launchLoginPage()[pri:0, instance:com.connecticus.netchain2.tests.demo.DemoTest@66480dd7]" name="launchLoginPage" duration-ms="9145" started-at="2017-12-30T18:29:27Z" finished-at="2017-12-30T18:29:37Z">
          <reporter-output>
          </reporter-output>
        </test-method> <!-- launchLoginPage -->
      </class> <!-- com.connecticus.netchain2.tests.demo.DemoTest -->
      <class name="com.connecticus.netchain2.tests.automationSetUp.AutomationSetup">
        <test-method status="PASS" signature="setup(java.lang.String, java.lang.String, java.lang.String, java.lang.String, java.lang.String, java.lang.String, java.lang.String, java.lang.String, java.lang.String)[pri:0, instance:com.connecticus.netchain2.tests.automationSetUp.AutomationSetup@71318ec4]" name="setup" is-config="true" duration-ms="29003" started-at="2017-12-30T18:28:58Z" finished-at="2017-12-30T18:29:27Z">
          <params>
            <param index="0">
              <value>
                <![CDATA[chrome.exe]]>
              </value>
            </param>
            <param index="1">
              <value>
                <![CDATA[]]>
              </value>
            </param>
            <param index="2">
              <value>
                <![CDATA[WebDrivers/chromedriver.exe]]>
              </value>
            </param>
            <param index="3">
              <value>
                <![CDATA[http://ec2-13-59-144-161.us-east-2.compute.amazonaws.com:3000/]]>
              </value>
            </param>
            <param index="4">
              <value>
                <![CDATA[objectMap.properties]]>
              </value>
            </param>
            <param index="5">
              <value>
                <![CDATA[TestData.xlsx]]>
              </value>
            </param>
            <param index="6">
              <value>
                <![CDATA[60]]>
              </value>
            </param>
            <param index="7">
              <value>
                <![CDATA[20]]>
              </value>
            </param>
            <param index="8">
              <value>
                <![CDATA[screenshots]]>
              </value>
            </param>
          </params>
          <reporter-output>
          </reporter-output>
        </test-method> <!-- setup -->
      </class> <!-- com.connecticus.netchain2.tests.automationSetUp.AutomationSetup -->
    </test> <!-- MyTests -->
  </suite> <!-- MySuite -->
</testng-results>
