<?xml version="1.0" encoding="UTF-8"?>
<testng-results skipped="2" failed="0" total="2" passed="0">
  <reporter-output>
  </reporter-output>
  <suite name="MySuite" duration-ms="173941" started-at="2018-01-13T12:44:47Z" finished-at="2018-01-13T12:47:41Z">
    <groups>
    </groups>
    <test name="MyTests" duration-ms="173941" started-at="2018-01-13T12:44:47Z" finished-at="2018-01-13T12:47:41Z">
      <class name="com.connecticus.netchain2.tests.demo.DemoTest">
        <test-method status="FAIL" signature="setUp()[pri:0, instance:com.connecticus.netchain2.tests.demo.DemoTest@5f058f00]" name="setUp" is-config="true" duration-ms="0" started-at="2018-01-13T18:14:47Z" finished-at="2018-01-13T18:14:47Z">
          <exception class="com.connecticus.utils.CustomException.KeywordException">
            <full-stacktrace>
              <![CDATA[com.connecticus.utils.CustomException.KeywordException
	at com.connecticus.engine.Common.getElement(Common.java:254)
	at com.connecticus.netchain2.pageObjects.common.landingPage.LandingPage.isLoginButtonDisplayed(LandingPage.java:16)
	at com.connecticus.netchain2.tests.demo.DemoTest.setUp(DemoTest.java:46)
	at sun.reflect.NativeMethodAccessorImpl.invoke0(Native Method)
	at sun.reflect.NativeMethodAccessorImpl.invoke(NativeMethodAccessorImpl.java:62)
	at sun.reflect.DelegatingMethodAccessorImpl.invoke(DelegatingMethodAccessorImpl.java:43)
	at java.lang.reflect.Method.invoke(Method.java:497)
	at org.testng.internal.MethodInvocationHelper.invokeMethod(MethodInvocationHelper.java:80)
	at org.testng.internal.Invoker.invokeConfigurationMethod(Invoker.java:564)
	at org.testng.internal.Invoker.invokeConfigurations(Invoker.java:213)
	at org.testng.internal.Invoker.invokeConfigurations(Invoker.java:138)
	at org.testng.internal.TestMethodWorker.invokeBeforeClassMethods(TestMethodWorker.java:175)
	at org.testng.internal.TestMethodWorker.run(TestMethodWorker.java:107)
	at org.testng.TestRunner.privateRun(TestRunner.java:767)
	at org.testng.TestRunner.run(TestRunner.java:617)
	at org.testng.SuiteRunner.runTest(SuiteRunner.java:334)
	at org.testng.SuiteRunner.runSequentially(SuiteRunner.java:329)
	at org.testng.SuiteRunner.privateRun(SuiteRunner.java:291)
	at org.testng.SuiteRunner.run(SuiteRunner.java:240)
	at org.testng.SuiteRunnerWorker.runSuite(SuiteRunnerWorker.java:51)
	at org.testng.SuiteRunnerWorker.run(SuiteRunnerWorker.java:85)
	at org.testng.TestNG.runSuitesSequentially(TestNG.java:1197)
	at org.testng.TestNG.runSuitesLocally(TestNG.java:1122)
	at org.testng.TestNG.run(TestNG.java:1030)
	at org.testng.remote.AbstractRemoteTestNG.run(AbstractRemoteTestNG.java:132)
	at org.testng.remote.RemoteTestNG.initAndRun(RemoteTestNG.java:236)
	at org.testng.remote.RemoteTestNG.main(RemoteTestNG.java:81)
]]>
            </full-stacktrace>
          </exception> <!-- com.connecticus.utils.CustomException.KeywordException -->
          <reporter-output>
          </reporter-output>
        </test-method> <!-- setUp -->
        <test-method status="SKIP" signature="VendorCreation()[pri:0, instance:com.connecticus.netchain2.tests.demo.DemoTest@5f058f00]" name="VendorCreation" duration-ms="0" started-at="2018-01-13T18:17:41Z" finished-at="2018-01-13T18:17:41Z">
          <reporter-output>
          </reporter-output>
        </test-method> <!-- VendorCreation -->
        <test-method status="SKIP" signature="teardown()[pri:0, instance:com.connecticus.netchain2.tests.demo.DemoTest@5f058f00]" name="teardown" is-config="true" duration-ms="0" started-at="2018-01-13T18:17:41Z" finished-at="2018-01-13T18:17:41Z">
          <reporter-output>
          </reporter-output>
        </test-method> <!-- teardown -->
        <test-method status="SKIP" signature="VendorCreationNegative()[pri:0, instance:com.connecticus.netchain2.tests.demo.DemoTest@5f058f00]" name="VendorCreationNegative" duration-ms="0" started-at="2018-01-13T18:17:41Z" finished-at="2018-01-13T18:17:41Z">
          <reporter-output>
          </reporter-output>
        </test-method> <!-- VendorCreationNegative -->
      </class> <!-- com.connecticus.netchain2.tests.demo.DemoTest -->
      <class name="com.connecticus.netchain2.tests.automationSetUp.AutomationSetup">
        <test-method status="PASS" signature="setup(java.lang.String, java.lang.String, java.lang.String, java.lang.String, java.lang.String, java.lang.String, java.lang.String, java.lang.String, java.lang.String)[pri:0, instance:com.connecticus.netchain2.tests.automationSetUp.AutomationSetup@1dde4cb2]" name="setup" is-config="true" duration-ms="130614" started-at="2018-01-13T18:12:37Z" finished-at="2018-01-13T18:14:47Z">
          <params>
            <param index="0">
              <value>
                <![CDATA[chrome.exe]]>
              </value>
            </param>
            <param index="1">
              <value>
                <![CDATA[]]>
              </value>
            </param>
            <param index="2">
              <value>
                <![CDATA[WebDrivers/chromedriver.exe]]>
              </value>
            </param>
            <param index="3">
              <value>
                <![CDATA[http://ec2-13-59-144-161.us-east-2.compute.amazonaws.com:3000/]]>
              </value>
            </param>
            <param index="4">
              <value>
                <![CDATA[objectMap.properties]]>
              </value>
            </param>
            <param index="5">
              <value>
                <![CDATA[TestData.xlsx]]>
              </value>
            </param>
            <param index="6">
              <value>
                <![CDATA[300]]>
              </value>
            </param>
            <param index="7">
              <value>
                <![CDATA[20]]>
              </value>
            </param>
            <param index="8">
              <value>
                <![CDATA[screenshots]]>
              </value>
            </param>
          </params>
          <reporter-output>
          </reporter-output>
        </test-method> <!-- setup -->
      </class> <!-- com.connecticus.netchain2.tests.automationSetUp.AutomationSetup -->
    </test> <!-- MyTests -->
  </suite> <!-- MySuite -->
</testng-results>
