<?xml version="1.0" encoding="UTF-8"?>
<!-- Generated by org.testng.reporters.JUnitXMLReporter -->
<testsuite hostname="AP-PUN-LP3874" name="MyTests" tests="2" failures="0" timestamp="13 Jan 2018 12:47:41 GMT" time="173.941" errors="0">
  <testcase name="@BeforeClass setUp" time="0.0" classname="com.connecticus.netchain2.tests.demo.DemoTest">
    <failure type="com.connecticus.utils.CustomException.KeywordException">
      <![CDATA[com.connecticus.utils.CustomException.KeywordException
	at com.connecticus.engine.Common.getElement(Common.java:254)
	at com.connecticus.netchain2.pageObjects.common.landingPage.LandingPage.isLoginButtonDisplayed(LandingPage.java:16)
	at com.connecticus.netchain2.tests.demo.DemoTest.setUp(DemoTest.java:46)
... Removed 24 stack frames]]>
    </failure>
  </testcase> <!-- @BeforeClass setUp -->
  <testcase name="@AfterClass teardown" time="0.0" classname="com.connecticus.netchain2.tests.demo.DemoTest">
    <skipped/>
  </testcase> <!-- @AfterClass teardown -->
  <testcase name="VendorCreation" time="0.0" classname="com.connecticus.netchain2.tests.demo.DemoTest">
    <skipped/>
  </testcase> <!-- VendorCreation -->
  <testcase name="VendorCreationNegative" time="0.0" classname="com.connecticus.netchain2.tests.demo.DemoTest">
    <skipped/>
  </testcase> <!-- VendorCreationNegative -->
</testsuite> <!-- MyTests -->
